{"F:\\Trabalhos\\Cursos\\gerenciador-tarefas-backend\\src\\components\\Auth\\service\\AuthService.ts": {"path":"F:\\Trabalhos\\Cursos\\gerenciador-tarefas-backend\\src\\components\\Auth\\service\\AuthService.ts","statementMap":{"0":{"start":{"line":1,"column":0},"end":{"line":1,"column":46}},"1":{"start":{"line":2,"column":0},"end":{"line":2,"column":33}},"2":{"start":{"line":3,"column":0},"end":{"line":3,"column":46}},"3":{"start":{"line":9,"column":4},"end":{"line":11,"column":7}},"4":{"start":{"line":15,"column":4},"end":{"line":17,"column":7}},"5":{"start":{"line":21,"column":17},"end":{"line":21,"column":46}},"6":{"start":{"line":23,"column":4},"end":{"line":25,"column":5}},"7":{"start":{"line":24,"column":6},"end":{"line":24,"column":46}},"8":{"start":{"line":27,"column":26},"end":{"line":27,"column":70}},"9":{"start":{"line":28,"column":4},"end":{"line":30,"column":5}},"10":{"start":{"line":29,"column":6},"end":{"line":29,"column":41}},"11":{"start":{"line":32,"column":18},"end":{"line":32,"column":36}},"12":{"start":{"line":33,"column":4},"end":{"line":33,"column":27}},"13":{"start":{"line":38,"column":38},"end":{"line":38,"column":42}},"14":{"start":{"line":40,"column":25},"end":{"line":40,"column":54}},"15":{"start":{"line":41,"column":4},"end":{"line":43,"column":5}},"16":{"start":{"line":42,"column":6},"end":{"line":42,"column":45}},"17":{"start":{"line":45,"column":27},"end":{"line":50,"column":6}},"18":{"start":{"line":52,"column":17},"end":{"line":58,"column":6}},"19":{"start":{"line":60,"column":4},"end":{"line":60,"column":16}},"20":{"start":{"line":64,"column":17},"end":{"line":64,"column":44}},"21":{"start":{"line":65,"column":4},"end":{"line":67,"column":5}},"22":{"start":{"line":66,"column":6},"end":{"line":66,"column":39}},"23":{"start":{"line":68,"column":4},"end":{"line":68,"column":16}},"24":{"start":{"line":7,"column":0},"end":{"line":7,"column":13}}},"fnMap":{"0":{"name":"(anonymous_16)","decl":{"start":{"line":8,"column":8},"end":{"line":8,"column":19}},"loc":{"start":{"line":8,"column":33},"end":{"line":12,"column":null}}},"1":{"name":"(anonymous_18)","decl":{"start":{"line":14,"column":8},"end":{"line":14,"column":16}},"loc":{"start":{"line":14,"column":27},"end":{"line":18,"column":null}}},"2":{"name":"(anonymous_20)","decl":{"start":{"line":20,"column":8},"end":{"line":20,"column":14}},"loc":{"start":{"line":20,"column":46},"end":{"line":34,"column":null}}},"3":{"name":"(anonymous_22)","decl":{"start":{"line":36,"column":8},"end":{"line":36,"column":14}},"loc":{"start":{"line":36,"column":70},"end":{"line":61,"column":null}}},"4":{"name":"(anonymous_24)","decl":{"start":{"line":63,"column":8},"end":{"line":63,"column":14}},"loc":{"start":{"line":63,"column":29},"end":{"line":69,"column":null}}}},"branchMap":{"0":{"loc":{"start":{"line":23,"column":4},"end":{"line":25,"column":5}},"type":"if","locations":[{"start":{"line":23,"column":4},"end":{"line":25,"column":5}}]},"1":{"loc":{"start":{"line":28,"column":4},"end":{"line":30,"column":5}},"type":"if","locations":[{"start":{"line":28,"column":4},"end":{"line":30,"column":5}}]},"2":{"loc":{"start":{"line":41,"column":4},"end":{"line":43,"column":5}},"type":"if","locations":[{"start":{"line":41,"column":4},"end":{"line":43,"column":5}}]},"3":{"loc":{"start":{"line":65,"column":4},"end":{"line":67,"column":5}},"type":"if","locations":[{"start":{"line":65,"column":4},"end":{"line":67,"column":5}}]}},"s":{"0":1,"1":1,"2":1,"3":5,"4":0,"5":3,"6":3,"7":1,"8":2,"9":2,"10":1,"11":1,"12":1,"13":2,"14":2,"15":2,"16":1,"17":1,"18":1,"19":1,"20":0,"21":0,"22":0,"23":0,"24":1},"f":{"0":5,"1":0,"2":3,"3":2,"4":0},"b":{"0":[1],"1":[1],"2":[1],"3":[0]}}
,"F:\\Trabalhos\\Cursos\\gerenciador-tarefas-backend\\src\\components\\Tasks\\service\\TasksService.ts": {"path":"F:\\Trabalhos\\Cursos\\gerenciador-tarefas-backend\\src\\components\\Tasks\\service\\TasksService.ts","statementMap":{"0":{"start":{"line":1,"column":0},"end":{"line":1,"column":46}},"1":{"start":{"line":6,"column":4},"end":{"line":30,"column":7}},"2":{"start":{"line":34,"column":4},"end":{"line":60,"column":7}},"3":{"start":{"line":64,"column":17},"end":{"line":91,"column":6}},"4":{"start":{"line":93,"column":4},"end":{"line":95,"column":5}},"5":{"start":{"line":94,"column":6},"end":{"line":94,"column":64}},"6":{"start":{"line":97,"column":4},"end":{"line":97,"column":16}},"7":{"start":{"line":101,"column":21},"end":{"line":106,"column":6}},"8":{"start":{"line":108,"column":4},"end":{"line":108,"column":29}},"9":{"start":{"line":113,"column":22},"end":{"line":113,"column":65}},"10":{"start":{"line":114,"column":4},"end":{"line":116,"column":5}},"11":{"start":{"line":115,"column":6},"end":{"line":115,"column":53}},"12":{"start":{"line":118,"column":4},"end":{"line":138,"column":7}},"13":{"start":{"line":142,"column":21},"end":{"line":147,"column":6}},"14":{"start":{"line":149,"column":4},"end":{"line":149,"column":44}},"15":{"start":{"line":154,"column":4},"end":{"line":159,"column":7}},"16":{"start":{"line":164,"column":20},"end":{"line":164,"column":76}},"17":{"start":{"line":165,"column":4},"end":{"line":167,"column":5}},"18":{"start":{"line":166,"column":6},"end":{"line":166,"column":38}},"19":{"start":{"line":170,"column":23},"end":{"line":172,"column":6}},"20":{"start":{"line":174,"column":4},"end":{"line":176,"column":5}},"21":{"start":{"line":175,"column":6},"end":{"line":175,"column":35}},"22":{"start":{"line":179,"column":26},"end":{"line":184,"column":6}},"23":{"start":{"line":186,"column":4},"end":{"line":188,"column":5}},"24":{"start":{"line":187,"column":6},"end":{"line":187,"column":34}},"25":{"start":{"line":191,"column":4},"end":{"line":209,"column":7}},"26":{"start":{"line":3,"column":0},"end":{"line":3,"column":13}}},"fnMap":{"0":{"name":"(anonymous_7)","decl":{"start":{"line":4,"column":8},"end":{"line":4,"column":18}},"loc":{"start":{"line":4,"column":40},"end":{"line":31,"column":null}}},"1":{"name":"(anonymous_9)","decl":{"start":{"line":33,"column":8},"end":{"line":33,"column":19}},"loc":{"start":{"line":33,"column":34},"end":{"line":61,"column":null}}},"2":{"name":"(anonymous_11)","decl":{"start":{"line":63,"column":8},"end":{"line":63,"column":19}},"loc":{"start":{"line":63,"column":46},"end":{"line":98,"column":null}}},"3":{"name":"(anonymous_13)","decl":{"start":{"line":100,"column":8},"end":{"line":100,"column":23}},"loc":{"start":{"line":100,"column":54},"end":{"line":109,"column":null}}},"4":{"name":"(anonymous_15)","decl":{"start":{"line":111,"column":8},"end":{"line":111,"column":18}},"loc":{"start":{"line":111,"column":56},"end":{"line":139,"column":null}}},"5":{"name":"(anonymous_17)","decl":{"start":{"line":141,"column":8},"end":{"line":141,"column":27}},"loc":{"start":{"line":141,"column":58},"end":{"line":150,"column":null}}},"6":{"name":"(anonymous_19)","decl":{"start":{"line":152,"column":8},"end":{"line":152,"column":18}},"loc":{"start":{"line":152,"column":29},"end":{"line":160,"column":null}}},"7":{"name":"(anonymous_21)","decl":{"start":{"line":162,"column":8},"end":{"line":162,"column":17}},"loc":{"start":{"line":162,"column":38},"end":{"line":210,"column":null}}}},"branchMap":{"0":{"loc":{"start":{"line":11,"column":16},"end":{"line":11,"column":44}},"type":"binary-expr","locations":[{"start":{"line":11,"column":16},"end":{"line":11,"column":27}},{"start":{"line":11,"column":31},"end":{"line":11,"column":44}}]},"1":{"loc":{"start":{"line":93,"column":4},"end":{"line":95,"column":5}},"type":"if","locations":[{"start":{"line":93,"column":4},"end":{"line":95,"column":5}}]},"2":{"loc":{"start":{"line":114,"column":4},"end":{"line":116,"column":5}},"type":"if","locations":[{"start":{"line":114,"column":4},"end":{"line":116,"column":5}}]},"3":{"loc":{"start":{"line":149,"column":11},"end":{"line":149,"column":31}},"type":"cond-expr","locations":[{"start":{"line":149,"column":19},"end":{"line":149,"column":21}},{"start":{"line":149,"column":11},"end":{"line":149,"column":31}}]},"4":{"loc":{"start":{"line":149,"column":11},"end":{"line":149,"column":21}},"type":"binary-expr","locations":[{"start":{"line":149,"column":11},"end":{"line":149,"column":21}},{"start":{"line":149,"column":11},"end":{"line":149,"column":21}}]},"5":{"loc":{"start":{"line":165,"column":4},"end":{"line":167,"column":5}},"type":"if","locations":[{"start":{"line":165,"column":4},"end":{"line":167,"column":5}}]},"6":{"loc":{"start":{"line":174,"column":4},"end":{"line":176,"column":5}},"type":"if","locations":[{"start":{"line":174,"column":4},"end":{"line":176,"column":5}}]},"7":{"loc":{"start":{"line":186,"column":4},"end":{"line":188,"column":5}},"type":"if","locations":[{"start":{"line":186,"column":4},"end":{"line":188,"column":5}}]}},"s":{"0":1,"1":0,"2":0,"3":0,"4":0,"5":0,"6":0,"7":0,"8":0,"9":0,"10":0,"11":0,"12":0,"13":0,"14":0,"15":0,"16":0,"17":0,"18":0,"19":0,"20":0,"21":0,"22":0,"23":0,"24":0,"25":0,"26":1},"f":{"0":0,"1":0,"2":0,"3":0,"4":0,"5":0,"6":0,"7":0},"b":{"0":[0,0],"1":[0],"2":[0],"3":[0,0],"4":[0,0],"5":[0],"6":[0],"7":[0]}}
,"F:\\Trabalhos\\Cursos\\gerenciador-tarefas-backend\\src\\components\\Users\\service\\UsersService.ts": {"path":"F:\\Trabalhos\\Cursos\\gerenciador-tarefas-backend\\src\\components\\Users\\service\\UsersService.ts","statementMap":{"0":{"start":{"line":1,"column":0},"end":{"line":1,"column":46}},"1":{"start":{"line":5,"column":4},"end":{"line":7,"column":7}},"2":{"start":{"line":11,"column":4},"end":{"line":11,"column":34}},"3":{"start":{"line":15,"column":4},"end":{"line":17,"column":7}},"4":{"start":{"line":21,"column":4},"end":{"line":23,"column":7}},"5":{"start":{"line":27,"column":4},"end":{"line":30,"column":7}},"6":{"start":{"line":34,"column":4},"end":{"line":36,"column":7}},"7":{"start":{"line":3,"column":0},"end":{"line":3,"column":13}}},"fnMap":{"0":{"name":"(anonymous_7)","decl":{"start":{"line":4,"column":8},"end":{"line":4,"column":18}},"loc":{"start":{"line":4,"column":74},"end":{"line":8,"column":null}}},"1":{"name":"(anonymous_9)","decl":{"start":{"line":10,"column":8},"end":{"line":10,"column":19}},"loc":{"start":{"line":10,"column":19},"end":{"line":12,"column":null}}},"2":{"name":"(anonymous_11)","decl":{"start":{"line":14,"column":8},"end":{"line":14,"column":19}},"loc":{"start":{"line":14,"column":30},"end":{"line":18,"column":null}}},"3":{"name":"(anonymous_13)","decl":{"start":{"line":20,"column":8},"end":{"line":20,"column":22}},"loc":{"start":{"line":20,"column":36},"end":{"line":24,"column":null}}},"4":{"name":"(anonymous_15)","decl":{"start":{"line":26,"column":8},"end":{"line":26,"column":18}},"loc":{"start":{"line":26,"column":89},"end":{"line":31,"column":null}}},"5":{"name":"(anonymous_17)","decl":{"start":{"line":33,"column":8},"end":{"line":33,"column":18}},"loc":{"start":{"line":33,"column":29},"end":{"line":37,"column":null}}}},"branchMap":{},"s":{"0":1,"1":0,"2":0,"3":0,"4":0,"5":0,"6":0,"7":1},"f":{"0":0,"1":0,"2":0,"3":0,"4":0,"5":0},"b":{}}
,"F:\\Trabalhos\\Cursos\\gerenciador-tarefas-backend\\src\\environment\\database.env.ts": {"path":"F:\\Trabalhos\\Cursos\\gerenciador-tarefas-backend\\src\\environment\\database.env.ts","statementMap":{"0":{"start":{"line":1,"column":0},"end":{"line":1,"column":28}},"1":{"start":{"line":3,"column":0},"end":{"line":3,"column":16}},"2":{"start":{"line":5,"column":19},"end":{"line":5,"column":43}},"3":{"start":{"line":7,"column":0},"end":{"line":9,"column":1}},"4":{"start":{"line":8,"column":4},"end":{"line":8,"column":49}},"5":{"start":{"line":11,"column":0},"end":{"line":11,"column":28}}},"fnMap":{},"branchMap":{"0":{"loc":{"start":{"line":7,"column":0},"end":{"line":9,"column":1}},"type":"if","locations":[{"start":{"line":7,"column":0},"end":{"line":9,"column":1}}]}},"s":{"0":3,"1":3,"2":3,"3":3,"4":3,"5":3},"f":{},"b":{"0":[3]}}
,"F:\\Trabalhos\\Cursos\\gerenciador-tarefas-backend\\src\\environment\\jwt.env.ts": {"path":"F:\\Trabalhos\\Cursos\\gerenciador-tarefas-backend\\src\\environment\\jwt.env.ts","statementMap":{"0":{"start":{"line":1,"column":0},"end":{"line":1,"column":28}},"1":{"start":{"line":3,"column":0},"end":{"line":3,"column":16}},"2":{"start":{"line":5,"column":17},"end":{"line":5,"column":39}},"3":{"start":{"line":7,"column":0},"end":{"line":9,"column":1}},"4":{"start":{"line":8,"column":4},"end":{"line":8,"column":45}},"5":{"start":{"line":11,"column":0},"end":{"line":11,"column":26}}},"fnMap":{},"branchMap":{"0":{"loc":{"start":{"line":7,"column":0},"end":{"line":9,"column":1}},"type":"if","locations":[{"start":{"line":7,"column":0},"end":{"line":9,"column":1}}]}},"s":{"0":2,"1":2,"2":2,"3":2,"4":2,"5":2},"f":{},"b":{"0":[2]}}
,"F:\\Trabalhos\\Cursos\\gerenciador-tarefas-backend\\src\\libs\\jwt.ts": {"path":"F:\\Trabalhos\\Cursos\\gerenciador-tarefas-backend\\src\\libs\\jwt.ts","statementMap":{"0":{"start":{"line":2,"column":0},"end":{"line":2,"column":31}},"1":{"start":{"line":4,"column":0},"end":{"line":4,"column":48}},"2":{"start":{"line":6,"column":25},"end":{"line":8,"column":1}},"3":{"start":{"line":7,"column":4},"end":{"line":7,"column":71}},"4":{"start":{"line":6,"column":13},"end":{"line":6,"column":25}},"5":{"start":{"line":10,"column":25},"end":{"line":29,"column":null}},"6":{"start":{"line":10,"column":91},"end":{"line":29,"column":null}},"7":{"start":{"line":11,"column":23},"end":{"line":11,"column":47}},"8":{"start":{"line":12,"column":4},"end":{"line":15,"column":5}},"9":{"start":{"line":13,"column":8},"end":{"line":13,"column":57}},"10":{"start":{"line":14,"column":8},"end":{"line":14,"column":15}},"11":{"start":{"line":16,"column":18},"end":{"line":16,"column":28}},"12":{"start":{"line":17,"column":4},"end":{"line":28,"column":6}},"13":{"start":{"line":21,"column":12},"end":{"line":24,"column":13}},"14":{"start":{"line":22,"column":16},"end":{"line":22,"column":77}},"15":{"start":{"line":23,"column":16},"end":{"line":23,"column":23}},"16":{"start":{"line":25,"column":12},"end":{"line":25,"column":36}},"17":{"start":{"line":26,"column":12},"end":{"line":26,"column":19}},"18":{"start":{"line":10,"column":13},"end":{"line":10,"column":25}}},"fnMap":{"0":{"name":"(anonymous_8)","decl":{"start":{"line":6,"column":25},"end":{"line":6,"column":26}},"loc":{"start":{"line":6,"column":40},"end":{"line":8,"column":1}}},"1":{"name":"(anonymous_9)","decl":{"start":{"line":10,"column":25},"end":{"line":10,"column":32}},"loc":{"start":{"line":10,"column":91},"end":{"line":29,"column":null}}},"2":{"name":"(anonymous_10)","decl":{"start":{"line":10,"column":91},"end":{"line":10,"column":null}},"loc":{"start":{"line":10,"column":91},"end":{"line":29,"column":1}}},"3":{"name":"(anonymous_11)","decl":{"start":{"line":20,"column":8},"end":{"line":20,"column":9}},"loc":{"start":{"line":20,"column":35},"end":{"line":27,"column":9}}}},"branchMap":{"0":{"loc":{"start":{"line":12,"column":4},"end":{"line":15,"column":5}},"type":"if","locations":[{"start":{"line":12,"column":4},"end":{"line":15,"column":5}}]},"1":{"loc":{"start":{"line":21,"column":12},"end":{"line":24,"column":13}},"type":"if","locations":[{"start":{"line":21,"column":12},"end":{"line":24,"column":13}}]}},"s":{"0":2,"1":2,"2":2,"3":3,"4":2,"5":2,"6":3,"7":3,"8":3,"9":1,"10":1,"11":2,"12":2,"13":2,"14":1,"15":1,"16":1,"17":1,"18":2},"f":{"0":3,"1":3,"2":3,"3":2},"b":{"0":[1],"1":[1]}}
,"F:\\Trabalhos\\Cursos\\gerenciador-tarefas-backend\\src\\libs\\prisma.ts": {"path":"F:\\Trabalhos\\Cursos\\gerenciador-tarefas-backend\\src\\libs\\prisma.ts","statementMap":{"0":{"start":{"line":1,"column":0},"end":{"line":1,"column":46}},"1":{"start":{"line":2,"column":0},"end":{"line":2,"column":55}},"2":{"start":{"line":8,"column":21},"end":{"line":14,"column":2}},"3":{"start":{"line":16,"column":0},"end":{"line":20,"column":1}},"4":{"start":{"line":17,"column":2},"end":{"line":19,"column":3}},"5":{"start":{"line":18,"column":4},"end":{"line":18,"column":33}},"6":{"start":{"line":22,"column":13},"end":{"line":22,"column":52}}},"fnMap":{},"branchMap":{"0":{"loc":{"start":{"line":16,"column":0},"end":{"line":20,"column":1}},"type":"if","locations":[{"start":{"line":16,"column":0},"end":{"line":20,"column":1}}]},"1":{"loc":{"start":{"line":17,"column":2},"end":{"line":19,"column":3}},"type":"if","locations":[{"start":{"line":17,"column":2},"end":{"line":19,"column":3}}]},"2":{"loc":{"start":{"line":22,"column":22},"end":{"line":22,"column":51}},"type":"binary-expr","locations":[{"start":{"line":22,"column":22},"end":{"line":22,"column":35}},{"start":{"line":22,"column":39},"end":{"line":22,"column":51}}]}},"s":{"0":3,"1":3,"2":3,"3":3,"4":3,"5":3,"6":3},"f":{},"b":{"0":[3],"1":[3],"2":[3,0]}}
}
