TN:
SF:src\components\Auth\service\AuthService.ts
FN:8,(anonymous_16)
FN:14,(anonymous_18)
FN:20,(anonymous_20)
FN:36,(anonymous_22)
FN:63,(anonymous_24)
FNF:5
FNH:3
FNDA:5,(anonymous_16)
FNDA:0,(anonymous_18)
FNDA:3,(anonymous_20)
FNDA:2,(anonymous_22)
FNDA:0,(anonymous_24)
DA:1,1
DA:2,1
DA:3,1
DA:7,1
DA:9,5
DA:15,0
DA:21,3
DA:23,3
DA:24,1
DA:27,2
DA:28,2
DA:29,1
DA:32,1
DA:33,1
DA:38,2
DA:40,2
DA:41,2
DA:42,1
DA:45,1
DA:52,1
DA:60,1
DA:64,0
DA:65,0
DA:66,0
DA:68,0
LF:25
LH:20
BRDA:23,0,0,1
BRDA:28,1,0,1
BRDA:41,2,0,1
BRDA:65,3,0,0
BRF:4
BRH:3
end_of_record
TN:
SF:src\components\Tasks\service\TasksService.ts
FN:4,(anonymous_7)
FN:33,(anonymous_9)
FN:63,(anonymous_11)
FN:100,(anonymous_13)
FN:111,(anonymous_15)
FN:141,(anonymous_17)
FN:152,(anonymous_19)
FN:162,(anonymous_21)
FNF:8
FNH:0
FNDA:0,(anonymous_7)
FNDA:0,(anonymous_9)
FNDA:0,(anonymous_11)
FNDA:0,(anonymous_13)
FNDA:0,(anonymous_15)
FNDA:0,(anonymous_17)
FNDA:0,(anonymous_19)
FNDA:0,(anonymous_21)
DA:1,1
DA:3,1
DA:6,0
DA:34,0
DA:64,0
DA:93,0
DA:94,0
DA:97,0
DA:101,0
DA:108,0
DA:113,0
DA:114,0
DA:115,0
DA:118,0
DA:142,0
DA:149,0
DA:154,0
DA:164,0
DA:165,0
DA:166,0
DA:170,0
DA:174,0
DA:175,0
DA:179,0
DA:186,0
DA:187,0
DA:191,0
LF:27
LH:2
BRDA:11,0,0,0
BRDA:11,0,1,0
BRDA:93,1,0,0
BRDA:114,2,0,0
BRDA:149,3,0,0
BRDA:149,3,1,0
BRDA:149,4,0,0
BRDA:149,4,1,0
BRDA:165,5,0,0
BRDA:174,6,0,0
BRDA:186,7,0,0
BRF:11
BRH:0
end_of_record
TN:
SF:src\components\Users\service\UsersService.ts
FN:4,(anonymous_7)
FN:10,(anonymous_9)
FN:14,(anonymous_11)
FN:20,(anonymous_13)
FN:26,(anonymous_15)
FN:33,(anonymous_17)
FNF:6
FNH:0
FNDA:0,(anonymous_7)
FNDA:0,(anonymous_9)
FNDA:0,(anonymous_11)
FNDA:0,(anonymous_13)
FNDA:0,(anonymous_15)
FNDA:0,(anonymous_17)
DA:1,1
DA:3,1
DA:5,0
DA:11,0
DA:15,0
DA:21,0
DA:27,0
DA:34,0
LF:8
LH:2
BRF:0
BRH:0
end_of_record
TN:
SF:src\environment\database.env.ts
FNF:0
FNH:0
DA:1,3
DA:3,3
DA:5,3
DA:7,3
DA:8,3
DA:11,3
LF:6
LH:6
BRDA:7,0,0,3
BRF:1
BRH:1
end_of_record
TN:
SF:src\environment\jwt.env.ts
FNF:0
FNH:0
DA:1,2
DA:3,2
DA:5,2
DA:7,2
DA:8,2
DA:11,2
LF:6
LH:6
BRDA:7,0,0,2
BRF:1
BRH:1
end_of_record
TN:
SF:src\libs\jwt.ts
FN:6,(anonymous_8)
FN:10,(anonymous_9)
FN:10,(anonymous_10)
FN:20,(anonymous_11)
FNF:4
FNH:4
FNDA:3,(anonymous_8)
FNDA:3,(anonymous_9)
FNDA:3,(anonymous_10)
FNDA:2,(anonymous_11)
DA:2,2
DA:4,2
DA:6,2
DA:7,3
DA:10,3
DA:11,3
DA:12,3
DA:13,1
DA:14,1
DA:16,2
DA:17,2
DA:21,2
DA:22,1
DA:23,1
DA:25,1
DA:26,1
LF:16
LH:16
BRDA:12,0,0,1
BRDA:21,1,0,1
BRF:2
BRH:2
end_of_record
TN:
SF:src\libs\prisma.ts
FNF:0
FNH:0
DA:1,3
DA:2,3
DA:8,3
DA:16,3
DA:17,3
DA:18,3
DA:22,3
LF:7
LH:7
BRDA:16,0,0,3
BRDA:17,1,0,3
BRDA:22,2,0,3
BRDA:22,2,1,0
BRF:4
BRH:3
end_of_record
